f:\obstruction_free_photography_code\build_by_horse\ob_free_cuda\ob_free_cuda\x64\debug\vc140.pdb
f:\obstruction_free_photography_code\build_by_horse\ob_free_cuda\ob_free_cuda\x64\debug\vc140.idb
f:\obstruction_free_photography_code\build_by_horse\ob_free_cuda\ob_free_cuda\x64\debug\blank.obj
f:\obstruction_free_photography_code\build_by_horse\ob_free_cuda\ob_free_cuda\x64\debug\canny.obj
f:\obstruction_free_photography_code\build_by_horse\ob_free_cuda\ob_free_cuda\x64\debug\diff.obj
f:\obstruction_free_photography_code\build_by_horse\ob_free_cuda\ob_free_cuda\x64\debug\interpolate.obj
f:\obstruction_free_photography_code\build_by_horse\ob_free_cuda\ob_free_cuda\x64\debug\kmeans.obj
f:\obstruction_free_photography_code\build_by_horse\ob_free_cuda\ob_free_cuda\x64\debug\lk.obj
f:\obstruction_free_photography_code\build_by_horse\ob_free_cuda\ob_free_cuda\x64\debug\main.obj
f:\obstruction_free_photography_code\build_by_horse\ob_free_cuda\ob_free_cuda\x64\debug\naive.obj
f:\obstruction_free_photography_code\build_by_horse\ob_free_cuda\ob_free_cuda\x64\debug\pipeline.obj
f:\obstruction_free_photography_code\build_by_horse\ob_free_cuda\ob_free_cuda\x64\debug\gradient_descent.obj
f:\obstruction_free_photography_code\build_by_horse\ob_free_cuda\ob_free_cuda\x64\debug\warp.obj
f:\obstruction_free_photography_code\build_by_horse\ob_free_cuda\ob_free_cuda\x64\debug\flow.obj
f:\obstruction_free_photography_code\build_by_horse\ob_free_cuda\ob_free_cuda\x64\debug\async_blur.cu.cache
f:\obstruction_free_photography_code\build_by_horse\ob_free_cuda\ob_free_cuda\x64\debug\basic_blur.cu.cache
f:\obstruction_free_photography_code\build_by_horse\ob_free_cuda\ob_free_cuda\x64\debug\canny.cu.cache
f:\obstruction_free_photography_code\build_by_horse\ob_free_cuda\ob_free_cuda\x64\debug\diff_blur.cu.cache
f:\obstruction_free_photography_code\build_by_horse\ob_free_cuda\ob_free_cuda\x64\debug\generate_bgfg.cu.cache
f:\obstruction_free_photography_code\build_by_horse\ob_free_cuda\ob_free_cuda\x64\debug\gpu_gradient_descent.cu.cache
f:\obstruction_free_photography_code\build_by_horse\ob_free_cuda\ob_free_cuda\x64\debug\gradient.cu.cache
f:\obstruction_free_photography_code\build_by_horse\ob_free_cuda\ob_free_cuda\x64\debug\kernel.cu.cache
f:\obstruction_free_photography_code\build_by_horse\ob_free_cuda\ob_free_cuda\x64\debug\ransac.cu.cache
f:\obstruction_free_photography_code\build_by_horse\ob_free_cuda\ob_free_cuda\x64\debug\spatial_coherence.cu.cache
f:\obstruction_free_photography_code\build_by_horse\ob_free_cuda\ob_free_cuda\x64\debug\unified_blur.cu.cache
f:\obstruction_free_photography_code\build_by_horse\ob_free_cuda\ob_free_cuda\x64\debug\async_blur.cu.obj
f:\obstruction_free_photography_code\build_by_horse\ob_free_cuda\ob_free_cuda\x64\debug\basic_blur.cu.obj
f:\obstruction_free_photography_code\build_by_horse\ob_free_cuda\ob_free_cuda\x64\debug\canny.cu.obj
f:\obstruction_free_photography_code\build_by_horse\ob_free_cuda\ob_free_cuda\x64\debug\diff_blur.cu.obj
f:\obstruction_free_photography_code\build_by_horse\ob_free_cuda\ob_free_cuda\x64\debug\generate_bgfg.cu.obj
f:\obstruction_free_photography_code\build_by_horse\ob_free_cuda\ob_free_cuda\x64\debug\gpu_gradient_descent.cu.obj
f:\obstruction_free_photography_code\build_by_horse\ob_free_cuda\ob_free_cuda\x64\debug\gradient.cu.obj
f:\obstruction_free_photography_code\build_by_horse\ob_free_cuda\ob_free_cuda\x64\debug\kernel.cu.obj
f:\obstruction_free_photography_code\build_by_horse\ob_free_cuda\ob_free_cuda\x64\debug\ransac.cu.obj
f:\obstruction_free_photography_code\build_by_horse\ob_free_cuda\ob_free_cuda\x64\debug\spatial_coherence.cu.obj
f:\obstruction_free_photography_code\build_by_horse\ob_free_cuda\ob_free_cuda\x64\debug\unified_blur.cu.obj
f:\obstruction_free_photography_code\build_by_horse\ob_free_cuda\x64\debug\ob_free_cuda.pdb
f:\obstruction_free_photography_code\build_by_horse\ob_free_cuda\ob_free_cuda\x64\debug\ob_free_cuda.tlog\cl.command.1.tlog
f:\obstruction_free_photography_code\build_by_horse\ob_free_cuda\ob_free_cuda\x64\debug\ob_free_cuda.tlog\cl.read.1.tlog
f:\obstruction_free_photography_code\build_by_horse\ob_free_cuda\ob_free_cuda\x64\debug\ob_free_cuda.tlog\cl.write.1.tlog
f:\obstruction_free_photography_code\build_by_horse\ob_free_cuda\ob_free_cuda\x64\debug\ob_free_cuda.tlog\link-cvtres.read.1.tlog
f:\obstruction_free_photography_code\build_by_horse\ob_free_cuda\ob_free_cuda\x64\debug\ob_free_cuda.tlog\link-cvtres.write.1.tlog
f:\obstruction_free_photography_code\build_by_horse\ob_free_cuda\ob_free_cuda\x64\debug\ob_free_cuda.tlog\link-rc.read.1.tlog
f:\obstruction_free_photography_code\build_by_horse\ob_free_cuda\ob_free_cuda\x64\debug\ob_free_cuda.tlog\link-rc.write.1.tlog
f:\obstruction_free_photography_code\build_by_horse\ob_free_cuda\ob_free_cuda\x64\debug\ob_free_cuda.tlog\link.235344-cvtres.read.1.tlog
f:\obstruction_free_photography_code\build_by_horse\ob_free_cuda\ob_free_cuda\x64\debug\ob_free_cuda.tlog\link.235344-cvtres.write.1.tlog
f:\obstruction_free_photography_code\build_by_horse\ob_free_cuda\ob_free_cuda\x64\debug\ob_free_cuda.tlog\link.235344-rc.read.1.tlog
f:\obstruction_free_photography_code\build_by_horse\ob_free_cuda\ob_free_cuda\x64\debug\ob_free_cuda.tlog\link.235344-rc.write.1.tlog
f:\obstruction_free_photography_code\build_by_horse\ob_free_cuda\ob_free_cuda\x64\debug\ob_free_cuda.tlog\link.235344.read.1.tlog
f:\obstruction_free_photography_code\build_by_horse\ob_free_cuda\ob_free_cuda\x64\debug\ob_free_cuda.tlog\link.235344.write.1.tlog
f:\obstruction_free_photography_code\build_by_horse\ob_free_cuda\ob_free_cuda\x64\debug\ob_free_cuda.tlog\link.command.1.tlog
f:\obstruction_free_photography_code\build_by_horse\ob_free_cuda\ob_free_cuda\x64\debug\ob_free_cuda.tlog\link.read.1.tlog
f:\obstruction_free_photography_code\build_by_horse\ob_free_cuda\ob_free_cuda\x64\debug\ob_free_cuda.tlog\link.write.1.tlog
