  main.cpp
c:\program files\nvidia gpu computing toolkit\cuda\v8.0\include\thrust\system\detail\error_category.inl(102): warning C4996: 'strerror': This function or variable may be unsafe. Consider using strerror_s instead. To disable deprecation, use _CRT_SECURE_NO_WARNINGS. See online help for details.
  c:\program files (x86)\windows kits\10\include\10.0.10240.0\ucrt\string.h(178): note: 参见“strerror”的声明
c:\program files\nvidia gpu computing toolkit\cuda\v8.0\include\thrust\system\cuda\detail\bulk\detail\pointer_traits.hpp(55): warning C4800: “unsigned int”: 将值强制为布尔值“true”或“false”(性能警告)
d:\opencv3.2\opencv\build\include\opencv2\core\mat.hpp(2586): warning C4819: 该文件包含不能在当前代码页(936)中表示的字符。请将该文件保存为 Unicode 格式以防止数据丢失
d:\opencv3.2\opencv\build\include\opencv2\core\persistence.hpp : warning C4819: 该文件包含不能在当前代码页(936)中表示的字符。请将该文件保存为 Unicode 格式以防止数据丢失
d:\opencv3.2\opencv\build\include\opencv2\core\utility.hpp : warning C4819: 该文件包含不能在当前代码页(936)中表示的字符。请将该文件保存为 Unicode 格式以防止数据丢失
d:\opencv3.2\opencv\build\include\opencv2\core\utility.hpp : warning C4819: 该文件包含不能在当前代码页(936)中表示的字符。请将该文件保存为 Unicode 格式以防止数据丢失
d:\opencv3.2\opencv\build\include\opencv2\imgproc.hpp(592): warning C4819: 该文件包含不能在当前代码页(936)中表示的字符。请将该文件保存为 Unicode 格式以防止数据丢失
f:\obstruction_free_photography_code\build_by_horse\ob_free_cuda\src\main.cpp(73): warning C4244: “=”: 从“float”转换到“unsigned char”，可能丢失数据
f:\obstruction_free_photography_code\build_by_horse\ob_free_cuda\src\main.cpp(173): warning C4267: “初始化”: 从“size_t”转换到“int”，可能丢失数据
f:\obstruction_free_photography_code\build_by_horse\ob_free_cuda\src\main.cpp(193): warning C4244: “初始化”: 从“float”转换到“int”，可能丢失数据
f:\obstruction_free_photography_code\build_by_horse\ob_free_cuda\src\main.cpp(209): warning C4244: “=”: 从“float”转换到“unsigned char”，可能丢失数据
f:\obstruction_free_photography_code\build_by_horse\ob_free_cuda\src\main.cpp(327): warning C4244: “=”: 从“float”转换到“unsigned char”，可能丢失数据
f:\obstruction_free_photography_code\build_by_horse\ob_free_cuda\src\main.cpp(379): warning C4244: “=”: 从“float”转换到“unsigned char”，可能丢失数据
f:\obstruction_free_photography_code\build_by_horse\ob_free_cuda\src\main.cpp(283): warning C4996: 'sprintf': This function or variable may be unsafe. Consider using sprintf_s instead. To disable deprecation, use _CRT_SECURE_NO_WARNINGS. See online help for details.
  c:\program files (x86)\windows kits\10\include\10.0.10240.0\ucrt\stdio.h(1769): note: 参见“sprintf”的声明
f:\obstruction_free_photography_code\build_by_horse\ob_free_cuda\src\main.cpp(94): warning C4101: “end”: 未引用的局部变量
f:\obstruction_free_photography_code\build_by_horse\ob_free_cuda\src\main.cpp(160): warning C4101: “denseFg”: 未引用的局部变量
f:\obstruction_free_photography_code\build_by_horse\ob_free_cuda\src\main.cpp(94): warning C4101: “start”: 未引用的局部变量
f:\obstruction_free_photography_code\build_by_horse\ob_free_cuda\src\main.cpp(159): warning C4101: “denseBg”: 未引用的局部变量
  lk.cpp
d:\opencv3.2\opencv\build\include\opencv2\core\mat.hpp(2586): warning C4819: 该文件包含不能在当前代码页(936)中表示的字符。请将该文件保存为 Unicode 格式以防止数据丢失
d:\opencv3.2\opencv\build\include\opencv2\core\persistence.hpp : warning C4819: 该文件包含不能在当前代码页(936)中表示的字符。请将该文件保存为 Unicode 格式以防止数据丢失
d:\opencv3.2\opencv\build\include\opencv2\core\utility.hpp : warning C4819: 该文件包含不能在当前代码页(936)中表示的字符。请将该文件保存为 Unicode 格式以防止数据丢失
d:\opencv3.2\opencv\build\include\opencv2\core\utility.hpp : warning C4819: 该文件包含不能在当前代码页(936)中表示的字符。请将该文件保存为 Unicode 格式以防止数据丢失
d:\opencv3.2\opencv\build\include\opencv2\imgproc.hpp(592): warning C4819: 该文件包含不能在当前代码页(936)中表示的字符。请将该文件保存为 Unicode 格式以防止数据丢失
f:\obstruction_free_photography_code\build_by_horse\ob_free_cuda\src\lk.cpp(12): warning C4244: “参数”: 从“int”转换到“float”，可能丢失数据
  正在生成代码...
  ob_free_cuda.vcxproj -> F:\obstruction_free_photography_code\build_by_horse\ob_free_cuda\x64\Debug\ob_free_cuda.exe
  copy "C:\Program Files\NVIDIA GPU Computing Toolkit\CUDA\v8.0\bin\cudart*.dll" "F:\obstruction_free_photography_code\build_by_horse\ob_free_cuda\x64\Debug\"
  C:\Program Files\NVIDIA GPU Computing Toolkit\CUDA\v8.0\bin\cudart32_80.dll
  C:\Program Files\NVIDIA GPU Computing Toolkit\CUDA\v8.0\bin\cudart64_80.dll
          2 file(s) copied.
